\BOOKMARK [0][-]{section*.1}{\376\377\000D\000e\000d\000i\000c\000a\000t\000i\000o\000n}{}% 1
\BOOKMARK [0][-]{section*.2}{\376\377\000A\000c\000k\000n\000o\000w\000l\000e\000d\000g\000e\000m\000e\000n\000t\000s}{}% 2
\BOOKMARK [0][-]{section*.3}{\376\377\000P\000r\000e\000f\000a\000c\000e}{}% 3
\BOOKMARK [0][-]{viii.0}{\376\377\000T\000a\000b\000l\000e\000\040\000o\000f\000\040\000C\000o\000n\000t\000e\000n\000t\000s}{}% 4
\BOOKMARK [0][-]{section*.5}{\376\377\000L\000i\000s\000t\000\040\000o\000f\000\040\000F\000i\000g\000u\000r\000e\000s}{}% 5
\BOOKMARK [0][-]{section*.6}{\376\377\000L\000i\000s\000t\000\040\000o\000f\000\040\000T\000a\000b\000l\000e\000s}{}% 6
\BOOKMARK [0][-]{section*.7}{\376\377\000L\000i\000s\000t\000\040\000o\000f\000\040\000P\000r\000o\000g\000r\000a\000m\000s}{}% 7
\BOOKMARK [0][-]{section*.9}{\376\377\000L\000i\000s\000t\000\040\000o\000f\000\040\000A\000p\000p\000e\000n\000d\000i\000c\000e\000s}{}% 8
\BOOKMARK [0][-]{section*.11}{\376\377\000L\000i\000s\000t\000\040\000o\000f\000\040\000A\000c\000r\000o\000n\000y\000m\000s}{}% 9
\BOOKMARK [0][-]{section*.12}{\376\377\000A\000b\000s\000t\000r\000a\000c\000t}{}% 10
\BOOKMARK [0][-]{chapter.1}{\376\377\000I\000n\000t\000r\000o\000d\000u\000c\000t\000i\000o\000n}{}% 11
\BOOKMARK [1][-]{section.1.1}{\376\377\000E\000x\000a\000m\000p\000l\000e\000\040\000S\000e\000c\000t\000i\000o\000n}{chapter.1}% 12
\BOOKMARK [1][-]{section.1.2}{\376\377\000E\000x\000a\000m\000p\000l\000e\000\040\000T\000a\000b\000l\000e\000s}{chapter.1}% 13
\BOOKMARK [1][-]{section.1.3}{\376\377\000E\000x\000a\000m\000p\000l\000e\000\040\000F\000i\000g\000u\000r\000e}{chapter.1}% 14
\BOOKMARK [0][-]{chapter.2}{\376\377\000C\000o\000n\000c\000l\000u\000s\000i\000o\000n}{}% 15
\BOOKMARK [0][-]{section*.17}{\376\377\000A\000p\000p\000e\000n\000d\000i\000c\000e\000s}{}% 16
\BOOKMARK [0][-]{Example Appendix 01.0}{\376\377\000E\000x\000a\000m\000p\000l\000e\000\040\000A\000p\000p\000e\000n\000d\000i\000x\000\040\0000\0001}{}% 17
\BOOKMARK [1][-]{Sample appendix section.1}{\376\377\000S\000a\000m\000p\000l\000e\000\040\000a\000p\000p\000e\000n\000d\000i\000x\000\040\000s\000e\000c\000t\000i\000o\000n}{Example Appendix 01.0}% 18
\BOOKMARK [1][-]{section.A.1}{\376\377\000S\000a\000m\000p\000l\000e\000\040\000a\000p\000p\000e\000n\000d\000i\000x\000\040\000s\000e\000c\000t\000i\000o\000n}{Example Appendix 01.0}% 19
\BOOKMARK [1][-]{Another sample appendix section.1}{\376\377\000A\000n\000o\000t\000h\000e\000r\000\040\000s\000a\000m\000p\000l\000e\000\040\000a\000p\000p\000e\000n\000d\000i\000x\000\040\000s\000e\000c\000t\000i\000o\000n}{Example Appendix 01.0}% 20
\BOOKMARK [1][-]{section.A.2}{\376\377\000A\000n\000o\000t\000h\000e\000r\000\040\000s\000a\000m\000p\000l\000e\000\040\000a\000p\000p\000e\000n\000d\000i\000x\000\040\000s\000e\000c\000t\000i\000o\000n}{Example Appendix 01.0}% 21
\BOOKMARK [0][-]{Example Appendix 02.0}{\376\377\000E\000x\000a\000m\000p\000l\000e\000\040\000A\000p\000p\000e\000n\000d\000i\000x\000\040\0000\0002}{}% 22
